<?xml version="1.0" encoding="UTF-8"?>
<!-- Generated by org.testng.reporters.JUnitXMLReporter -->
<testsuite ignored="4" hostname="DESKTOP-U8J645I" failures="0" tests="1" name="Data_Driven_FrameWork" time="15.458" errors="0" timestamp="2024-07-08T20:27:42 IST">
  <testcase classname="testCases.HomePageTest" name="VerifyTheDiscoverMoreBtn" time="7.912"/>
  <testcase classname="testCases.HomePageTest" name="VerifyThePrivacyBtn" time="0.0">
    <ignored/>
  </testcase> <!-- VerifyThePrivacyBtn -->
  <testcase classname="testCases.HomePageTest" name="VerifyScrollToTheProduct" time="0.0">
    <ignored/>
  </testcase> <!-- VerifyScrollToTheProduct -->
  <testcase classname="testCases.HomePageTest" name="VerifyTheDiscountEmailOffer" time="0.0">
    <ignored/>
  </testcase> <!-- VerifyTheDiscountEmailOffer -->
  <testcase classname="testCases.HomePageTest" name="verifyLogo" time="0.0">
    <ignored/>
  </testcase> <!-- verifyLogo -->
</testsuite> <!-- Data_Driven_FrameWork -->
