<?xml version="1.0" encoding="UTF-8"?>
<testng-results ignored="0" total="1" passed="1" failed="0" skipped="0">
  <reporter-output>
  </reporter-output>
  <suite started-at="2024-07-08T20:27:26 IST" name="Default Suite" finished-at="2024-07-08T20:27:42 IST" duration-ms="15458">
    <groups>
    </groups>
    <test started-at="2024-07-08T20:27:26 IST" name="Data_Driven_FrameWork" finished-at="2024-07-08T20:27:42 IST" duration-ms="15458">
      <class name="testCases.HomePageTest">
        <test-method is-config="true" signature="preRequisite()[pri:0, instance:testCases.HomePageTest@649bec2e]" started-at="2024-07-08T20:27:26 IST" name="preRequisite" finished-at="2024-07-08T20:27:34 IST" duration-ms="7263" status="PASS">
          <reporter-output>
          </reporter-output>
        </test-method> <!-- preRequisite -->
        <test-method signature="VerifyTheDiscoverMoreBtn()[pri:0, instance:testCases.HomePageTest@649bec2e]" started-at="2024-07-08T20:27:34 IST" name="VerifyTheDiscoverMoreBtn" description="Verify the Discover Btn from Home Page" finished-at="2024-07-08T20:27:41 IST" duration-ms="7912" status="PASS">
          <reporter-output>
          </reporter-output>
        </test-method> <!-- VerifyTheDiscoverMoreBtn -->
        <test-method is-config="true" signature="tearDown()[pri:0, instance:testCases.HomePageTest@649bec2e]" started-at="2024-07-08T20:27:41 IST" name="tearDown" finished-at="2024-07-08T20:27:42 IST" duration-ms="187" status="PASS">
          <reporter-output>
          </reporter-output>
        </test-method> <!-- tearDown -->
      </class> <!-- testCases.HomePageTest -->
    </test> <!-- Data_Driven_FrameWork -->
  </suite> <!-- Default Suite -->
</testng-results>
